e:\program\projects visual\consoleapplication2\consoleapplication2\x64\debug\vc143.pdb
e:\program\projects visual\consoleapplication2\consoleapplication2\x64\debug\vc143.idb
e:\program\projects visual\consoleapplication2\consoleapplication2\x64\debug\tests.obj
e:\program\projects visual\consoleapplication2\consoleapplication2\x64\debug\t2.obj
e:\program\projects visual\consoleapplication2\consoleapplication2\x64\debug\t1.obj
e:\program\projects visual\consoleapplication2\consoleapplication2\x64\debug\main.obj
e:\program\projects visual\consoleapplication2\consoleapplication2\x64\debug\factory.obj
e:\program\projects visual\consoleapplication2\consoleapplication2\x64\debug\consoleapplication2.obj
e:\program\projects visual\consoleapplication2\consoleapplication2\x64\debug\baseclass.obj
e:\program\projects visual\consoleapplication2\x64\debug\consoleapplication2.pdb
e:\program\projects visual\consoleapplication2\consoleapplication2\x64\debug\consolea.a0c5e679.tlog\cl.command.1.tlog
e:\program\projects visual\consoleapplication2\consoleapplication2\x64\debug\consolea.a0c5e679.tlog\cl.read.1.tlog
e:\program\projects visual\consoleapplication2\consoleapplication2\x64\debug\consolea.a0c5e679.tlog\cl.write.1.tlog
e:\program\projects visual\consoleapplication2\consoleapplication2\x64\debug\consolea.a0c5e679.tlog\link-cvtres.read.1.tlog
e:\program\projects visual\consoleapplication2\consoleapplication2\x64\debug\consolea.a0c5e679.tlog\link-cvtres.write.1.tlog
e:\program\projects visual\consoleapplication2\consoleapplication2\x64\debug\consolea.a0c5e679.tlog\link-rc.read.1.tlog
e:\program\projects visual\consoleapplication2\consoleapplication2\x64\debug\consolea.a0c5e679.tlog\link-rc.write.1.tlog
e:\program\projects visual\consoleapplication2\consoleapplication2\x64\debug\consolea.a0c5e679.tlog\link.command.1.tlog
e:\program\projects visual\consoleapplication2\consoleapplication2\x64\debug\consolea.a0c5e679.tlog\link.read.1.tlog
e:\program\projects visual\consoleapplication2\consoleapplication2\x64\debug\consolea.a0c5e679.tlog\link.read.2.tlog
e:\program\projects visual\consoleapplication2\consoleapplication2\x64\debug\consolea.a0c5e679.tlog\link.write.1.tlog
